<?xml version="1.0" encoding="UTF-8"?>
<testng-results ignored="0" total="2" passed="2" failed="0" skipped="0">
  <reporter-output>
  </reporter-output>
  <suite started-at="2025-05-01T21:18:04 IST" name="Suite" finished-at="2025-05-01T21:18:07 IST" duration-ms="3449">
    <groups>
    </groups>
    <test started-at="2025-05-01T21:18:04 IST" name="Test" finished-at="2025-05-01T21:18:07 IST" duration-ms="3449">
      <class name="Testpack.Login">
        <test-method is-config="true" signature="setup()[pri:0, instance:Testpack.Login@72a7c7e0]" started-at="2025-05-01T21:18:04 IST" name="setup" finished-at="2025-05-01T21:18:06 IST" duration-ms="2339" status="PASS">
          <reporter-output>
          </reporter-output>
        </test-method> <!-- setup -->
        <test-method signature="login()[pri:1, instance:Testpack.Login@72a7c7e0]" started-at="2025-05-01T21:18:06 IST" name="login" finished-at="2025-05-01T21:18:07 IST" duration-ms="924" status="PASS">
          <reporter-output>
          </reporter-output>
        </test-method> <!-- login -->
        <test-method signature="verifyTitle()[pri:2, instance:Testpack.Login@72a7c7e0]" started-at="2025-05-01T21:18:07 IST" name="verifyTitle" finished-at="2025-05-01T21:18:07 IST" duration-ms="47" status="PASS">
          <reporter-output>
          </reporter-output>
        </test-method> <!-- verifyTitle -->
        <test-method is-config="true" signature="close()[pri:0, instance:Testpack.Login@72a7c7e0]" started-at="2025-05-01T21:18:07 IST" name="close" finished-at="2025-05-01T21:18:07 IST" duration-ms="92" status="PASS">
          <reporter-output>
          </reporter-output>
        </test-method> <!-- close -->
      </class> <!-- Testpack.Login -->
    </test> <!-- Test -->
  </suite> <!-- Suite -->
</testng-results>
