<?xml version="1.0" encoding="UTF-8"?>
<testng-results ignored="0" total="2" passed="2" failed="0" skipped="0">
  <reporter-output>
  </reporter-output>
  <suite started-at="2025-05-01T18:00:12 IST" name="Suite" finished-at="2025-05-01T18:00:15 IST" duration-ms="2348">
    <groups>
    </groups>
    <test started-at="2025-05-01T18:00:12 IST" name="Test" finished-at="2025-05-01T18:00:15 IST" duration-ms="2348">
      <class name="Testpack.Login">
        <test-method is-config="true" signature="setup()[pri:0, instance:Testpack.Login@5fbe4146]" started-at="2025-05-01T18:00:12 IST" name="setup" finished-at="2025-05-01T18:00:14 IST" duration-ms="1673" status="PASS">
          <reporter-output>
          </reporter-output>
        </test-method> <!-- setup -->
        <test-method signature="login()[pri:1, instance:Testpack.Login@5fbe4146]" started-at="2025-05-01T18:00:14 IST" name="login" finished-at="2025-05-01T18:00:15 IST" duration-ms="497" status="PASS">
          <reporter-output>
          </reporter-output>
        </test-method> <!-- login -->
        <test-method signature="verifyTitle()[pri:2, instance:Testpack.Login@5fbe4146]" started-at="2025-05-01T18:00:15 IST" name="verifyTitle" finished-at="2025-05-01T18:00:15 IST" duration-ms="14" status="PASS">
          <reporter-output>
          </reporter-output>
        </test-method> <!-- verifyTitle -->
        <test-method is-config="true" signature="close()[pri:0, instance:Testpack.Login@5fbe4146]" started-at="2025-05-01T18:00:15 IST" name="close" finished-at="2025-05-01T18:00:15 IST" duration-ms="117" status="PASS">
          <reporter-output>
          </reporter-output>
        </test-method> <!-- close -->
      </class> <!-- Testpack.Login -->
    </test> <!-- Test -->
  </suite> <!-- Suite -->
</testng-results>
